Using pre-set license
Built from '2020.2/staging' branch; Version is '2020.2.5f1 (e2c53f129de5) revision 14861631'; Using compiler version '192528614'; Build Type 'Release'
OS: 'Windows 10 Enterprise LTSC 2019; OS build 17763.1879; Version 1809; 64bit' Language: 'ru' Physical Memory: 8094 MB
BatchMode: 1, IsHumanControllingUs: 0, StartBugReporterOnCrash: 0, Is64bit: 1, IsPro: 0

 COMMAND LINE ARGUMENTS:
C:\Program Files\Unity\Hub\Editor\2020.2.5f1\Editor\Unity.exe
-adb2
-batchMode
-noUpm
-name
AssetImportWorker0
-projectPath
P:/_Unity_Projects_/SpaceShooter
-logFile
Logs/AssetImportWorker0.log
-srvPort
1638
Successfully changed project path to: P:/_Unity_Projects_/SpaceShooter
P:/_Unity_Projects_/SpaceShooter
Using Asset Import Pipeline V2.
Refreshing native plugins compatible for Editor in 76.92 ms, found 1 plugins.
Preloading 0 native plugins for Editor in 0.00 ms.
Initialize engine version: 2020.2.5f1 (e2c53f129de5)
[Subsystems] Discovering subsystems at path C:/Program Files/Unity/Hub/Editor/2020.2.5f1/Editor/Data/Resources/UnitySubsystems
[Subsystems] Discovering subsystems at path P:/_Unity_Projects_/SpaceShooter/Assets
GfxDevice: creating device client; threaded=0
Direct3D:
    Version:  Direct3D 11.0 [level 11.0]
    Renderer: NVIDIA GeForce 940M (ID=0x139c)
    Vendor:   
    VRAM:     2019 MB
    Driver:   23.21.13.8857
Initialize mono
Mono path[0] = 'C:/Program Files/Unity/Hub/Editor/2020.2.5f1/Editor/Data/Managed'
Mono path[1] = 'C:/Program Files/Unity/Hub/Editor/2020.2.5f1/Editor/Data/MonoBleedingEdge/lib/mono/unityjit'
Mono config path = 'C:/Program Files/Unity/Hub/Editor/2020.2.5f1/Editor/Data/MonoBleedingEdge/etc'
Using monoOptions --debugger-agent=transport=dt_socket,embedding=1,server=y,suspend=n,address=127.0.0.1:56004
Begin MonoManager ReloadAssembly
Registering precompiled unity dll's ...
Register platform support module: C:/Program Files/Unity/Hub/Editor/2020.2.5f1/Editor/Data/PlaybackEngines/WindowsStandaloneSupport/UnityEditor.WindowsStandalone.Extensions.dll
Registered in 0.002231 seconds.
Native extension for WindowsStandalone target not found
Refreshing native plugins compatible for Editor in 67.01 ms, found 1 plugins.
Preloading 0 native plugins for Editor in 0.00 ms.
Invoked RoslynAnalysisRunner static constructor.
RoslynAnalysisRunner will not be running.
RoslynAnalysisRunner has terminated.
Mono: successfully reloaded assembly
- Completed reload, in  2.065 seconds
Platform modules already initialized, skipping
Registering precompiled user dll's ...
Registered in 0.001029 seconds.
Begin MonoManager ReloadAssembly
Native extension for WindowsStandalone target not found
Refreshing native plugins compatible for Editor in 107.67 ms, found 1 plugins.
Preloading 0 native plugins for Editor in 0.00 ms.
Invoked RoslynAnalysisRunner static constructor.
RoslynAnalysisRunner will not be running.
RoslynAnalysisRunner has terminated.
Mono: successfully reloaded assembly
- Completed reload, in  2.100 seconds
Platform modules already initialized, skipping
========================================================================
Worker process is ready to serve import requests
Launched and connected shader compiler UnityShaderCompiler.exe after 0.08 seconds
Refreshing native plugins compatible for Editor in 0.95 ms, found 1 plugins.
Preloading 0 native plugins for Editor in 0.00 ms.
Unloading 1895 Unused Serialized files (Serialized files now loaded: 0)
System memory in use before: 87.0 MB.
System memory in use after: 87.1 MB.

Unloading 32 unused Assets to reduce memory usage. Loaded Objects now: 2328.
Total: 7.139400 ms (FindLiveObjects: 0.226300 ms CreateObjectMapping: 0.090300 ms MarkObjects: 6.721300 ms  DeleteObjects: 0.099300 ms)

========================================================================
Received Import Request.
  path: Assets/Editor/com.unity.mobile.notifications
  artifactKey: Guid(8d94ea3741ad8d344a76cca0aa62f67e) Importer(815301076,1909f56bfc062723c751e8b465ee728b)
Start importing Assets/Editor/com.unity.mobile.notifications using Guid(8d94ea3741ad8d344a76cca0aa62f67e) Importer(815301076,1909f56bfc062723c751e8b465ee728b)  -> (artifact id: 'd3db7e48ea48a5d7a199a2f24997d94a') in 0.005212 seconds
  Import took 0.011999 seconds .

========================================================================
Received Import Request.
  Time since last request: 0.000255 seconds.
  path: Assets/Editor/com.unity.mobile.notifications/NotificationSettings.asset
  artifactKey: Guid(4cee8bca36f2ab74b8feb832747fa6f4) Importer(815301076,1909f56bfc062723c751e8b465ee728b)
Start importing Assets/Editor/com.unity.mobile.notifications/NotificationSettings.asset using Guid(4cee8bca36f2ab74b8feb832747fa6f4) Importer(815301076,1909f56bfc062723c751e8b465ee728b)  -> (artifact id: '509a1eb563d7a1f509da95eef6a8e3af') in 0.060910 seconds
  Import took 0.065412 seconds .

========================================================================
Received Import Request.
  Time since last request: 0.000251 seconds.
  path: Assets/Editor
  artifactKey: Guid(d98ad1674ee8d5040ad22d07feddcab5) Importer(815301076,1909f56bfc062723c751e8b465ee728b)
Start importing Assets/Editor using Guid(d98ad1674ee8d5040ad22d07feddcab5) Importer(815301076,1909f56bfc062723c751e8b465ee728b)  -> (artifact id: '737a4008e53681e5f68cdf3c1e9b3876') in 0.001373 seconds
  Import took 0.006145 seconds .

